2025-08-11 08:19:00 | DEBUG | repo=system-int | action=commit
2025-06-07 13:11:00 | INFO | repo=system-int | action=pull
2025-12-06 07:58:00 | WARN | repo=system-int | action=commit
2025-03-04 12:59:00 | WARN | repo=system-int | action=commit
2025-03-04 16:34:00 | WARN | repo=system-int | action=commit
2025-07-03 08:08:00 | WARN | repo=system-int | action=test | passed=true
2025-05-02 09:58:00 | WARN | repo=system-int | action=pull
2025-09-11 12:44:00 | INFO | repo=system-int | action=pull
2025-01-14 12:30:00 | DEBUG | repo=system-int | action=commit
2025-04-11 16:05:00 | INFO | repo=system-int | action=commit
2025-02-09 12:59:00 | INFO | repo=system-int | action=edit | files=2
2025-02-23 11:02:00 | WARN | repo=system-int | action=commit
2025-12-14 07:47:00 | INFO | repo=system-int | action=commit
2025-06-09 21:29:00 | WARN | repo=system-int | action=commit
2025-08-06 08:00:00 | DEBUG | repo=system-int | action=commit
2025-10-19 20:30:00 | INFO | repo=system-int | action=commit
2025-05-08 18:29:00 | WARN | repo=system-int | action=commit
2025-05-21 08:50:00 | WARN | repo=system-int | action=pull
2025-06-04 21:57:00 | DEBUG | repo=system-int | action=commit
2025-05-21 07:18:00 | INFO | repo=system-int | action=commit
2025-02-01 15:44:00 | DEBUG | repo=system-int | action=pull
2025-11-23 17:43:00 | INFO | repo=system-int | action=commit
2025-02-22 20:42:00 | INFO | repo=system-int | action=commit
2025-03-28 19:44:00 | WARN | repo=system-int | action=commit
2025-09-28 13:10:00 | INFO | repo=system-int | action=commit
2025-04-01 17:12:00 | WARN | repo=system-int | action=commit
2025-12-19 17:17:00 | INFO | repo=system-int | action=test | passed=true
2025-11-19 19:30:00 | INFO | repo=system-int | action=commit
2025-08-26 19:59:00 | DEBUG | repo=system-int | action=commit
2025-12-23 17:34:00 | INFO | repo=system-int | action=edit | files=2
2025-10-16 14:35:00 | WARN | repo=system-int | action=commit
2025-01-20 10:37:00 | INFO | repo=system-int | action=commit
2025-06-21 07:36:00 | INFO | repo=system-int | action=commit
2025-10-01 07:50:00 | INFO | repo=system-int | action=commit
2025-02-08 14:16:00 | INFO | repo=system-int | action=test | passed=true
2025-04-21 08:05:00 | INFO | repo=system-int | action=commit
2025-01-09 09:08:00 | INFO | repo=system-int | action=commit
2025-06-25 17:07:00 | WARN | repo=system-int | action=commit
2025-09-22 14:12:00 | WARN | repo=system-int | action=commit
2025-08-10 16:03:00 | DEBUG | repo=system-int | action=commit
2025-10-08 08:15:00 | INFO | repo=system-int | action=commit
2025-08-28 11:35:00 | INFO | repo=system-int | action=commit
2025-03-08 08:09:00 | DEBUG | repo=system-int | action=commit
2025-07-07 09:42:00 | INFO | repo=system-int | action=commit
2025-12-14 19:47:00 | WARN | repo=system-int | action=commit
2025-05-12 13:12:00 | DEBUG | repo=system-int | action=commit
2025-08-03 20:22:00 | DEBUG | repo=system-int | action=commit
2025-07-25 12:19:00 | DEBUG | repo=system-int | action=edit | files=5
2025-09-03 21:40:00 | DEBUG | repo=system-int | action=commit
2025-04-14 21:51:00 | DEBUG | repo=system-int | action=commit
2025-09-24 10:31:00 | WARN | repo=system-int | action=commit
2025-08-23 13:58:00 | WARN | repo=system-int | action=test | passed=true
2025-04-19 17:20:00 | DEBUG | repo=system-int | action=commit
2025-08-08 10:33:00 | INFO | repo=system-int | action=commit
2025-12-02 18:06:00 | DEBUG | repo=system-int | action=commit
2025-08-01 08:45:00 | WARN | repo=system-int | action=commit
2025-09-13 21:19:00 | WARN | repo=system-int | action=commit
2025-10-10 11:17:00 | WARN | repo=system-int | action=edit | files=2
2025-08-25 20:49:00 | INFO | repo=system-int | action=commit
2025-11-17 17:50:00 | INFO | repo=system-int | action=commit
2025-09-24 11:31:00 | WARN | repo=system-int | action=commit
2025-04-23 07:48:00 | WARN | repo=system-int | action=commit
2025-05-14 08:36:00 | WARN | repo=system-int | action=commit
2025-11-10 17:45:00 | INFO | repo=system-int | action=commit
2025-07-03 17:55:00 | DEBUG | repo=system-int | action=commit
2025-03-26 08:35:00 | WARN | repo=system-int | action=commit
2025-07-18 17:46:00 | DEBUG | repo=system-int | action=commit
2025-06-19 18:57:00 | INFO | repo=system-int | action=test | passed=true
2025-01-02 07:54:00 | WARN | repo=system-int | action=commit
2025-10-07 09:22:00 | WARN | repo=system-int | action=pull
2025-11-09 08:09:00 | DEBUG | repo=system-int | action=commit
2025-11-02 11:41:00 | WARN | repo=system-int | action=commit
2025-11-01 12:57:00 | DEBUG | repo=system-int | action=commit
2025-12-24 19:30:00 | INFO | repo=system-int | action=commit
2025-07-11 15:16:00 | DEBUG | repo=system-int | action=test | passed=true
2025-12-11 11:17:00 | DEBUG | repo=system-int | action=commit
2025-08-05 18:56:00 | DEBUG | repo=system-int | action=commit
2025-11-18 08:40:00 | DEBUG | repo=system-int | action=commit
2025-05-05 19:30:00 | DEBUG | repo=system-int | action=commit
2025-01-15 15:30:00 | DEBUG | repo=system-int | action=commit
2025-06-12 10:14:00 | INFO | repo=system-int | action=commit
2025-10-12 21:09:00 | DEBUG | repo=system-int | action=commit
2025-06-18 20:19:00 | DEBUG | repo=system-int | action=pull
2025-08-07 20:55:00 | WARN | repo=system-int | action=commit
2025-06-08 18:44:00 | WARN | repo=system-int | action=commit
2025-08-18 16:12:00 | WARN | repo=system-int | action=commit
2025-08-16 15:47:00 | WARN | repo=system-int | action=pull
2025-07-17 09:16:00 | DEBUG | repo=system-int | action=commit
2025-12-14 18:42:00 | DEBUG | repo=system-int | action=commit
2025-08-08 18:44:00 | DEBUG | repo=system-int | action=commit
2025-07-14 08:22:00 | WARN | repo=system-int | action=pull
2025-12-06 13:54:00 | DEBUG | repo=system-int | action=commit
2025-10-15 19:00:00 | DEBUG | repo=system-int | action=pull
2025-03-04 18:16:00 | DEBUG | repo=system-int | action=edit | files=3
2025-03-06 18:32:00 | WARN | repo=system-int | action=edit | files=2
2025-06-17 12:24:00 | DEBUG | repo=system-int | action=commit
2025-01-02 18:47:00 | WARN | repo=system-int | action=commit
2025-06-25 08:09:00 | DEBUG | repo=system-int | action=commit
2025-08-24 19:12:00 | WARN | repo=system-int | action=commit
2025-06-21 08:47:00 | DEBUG | repo=system-int | action=commit
2025-10-17 07:48:00 | DEBUG | repo=system-int | action=commit
2025-10-06 12:08:00 | INFO | repo=system-int | action=commit
2025-02-19 20:59:00 | WARN | repo=system-int | action=commit
2025-06-24 20:30:00 | INFO | repo=system-int | action=commit
2025-10-15 19:54:00 | WARN | repo=system-int | action=commit
2025-01-01 10:49:00 | DEBUG | repo=system-int | action=commit
